[debug] [2017-08-29T08:39:05.851Z] ----------------------------------------------------------------------
[debug] [2017-08-29T08:39:05.851Z] Command:       C:\Program Files\nodejs\node.exe C:\Users\benja\AppData\Roaming\npm\node_modules\firebase-tools\bin\firebase serve
[debug] [2017-08-29T08:39:05.851Z] CLI Version:   3.9.2
[debug] [2017-08-29T08:39:05.851Z] Platform:      win32
[debug] [2017-08-29T08:39:05.851Z] Node Version:  v6.11.2
[debug] [2017-08-29T08:39:05.851Z] Time:          Tue Aug 29 2017 10:39:05 GMT+0200 (Mitteleuropäische Sommerzeit)
[debug] [2017-08-29T08:39:05.851Z] ----------------------------------------------------------------------
[debug] 
[debug] [2017-08-29T08:39:05.936Z] > command requires scopes: ["email","openid","https://www.googleapis.com/auth/cloudplatformprojects.readonly","https://www.googleapis.com/auth/firebase","https://www.googleapis.com/auth/cloud-platform"]
[debug] [2017-08-29T08:39:05.936Z] > authorizing via signed-in user
[debug] [2017-08-29T08:39:05.936Z] > refreshing access token with scopes: ["email","https://www.googleapis.com/auth/cloud-platform","https://www.googleapis.com/auth/cloudplatformprojects.readonly","https://www.googleapis.com/auth/firebase","openid"]
[debug] [2017-08-29T08:39:05.936Z] >>> HTTP REQUEST POST https://www.googleapis.com/oauth2/v3/token { refresh_token: '1/Dod021VsH1zqeEm9Ph595YbpJkwIsTa_7CsrOSlnZzA',
  client_id: '563584335869-fgrhgmd47bqnekij5i8b5pr03ho849e6.apps.googleusercontent.com',
  client_secret: 'j9iVZfS8kkCEFUPaAeJV0sAi',
  grant_type: 'refresh_token',
  scope: 'email https://www.googleapis.com/auth/cloud-platform https://www.googleapis.com/auth/cloudplatformprojects.readonly https://www.googleapis.com/auth/firebase openid' } 
 Tue Aug 29 2017 10:39:05 GMT+0200 (Mitteleuropäische Sommerzeit)
[debug] [2017-08-29T08:39:06.351Z] <<< HTTP RESPONSE 200
[debug] [2017-08-29T08:39:06.420Z] >>> HTTP REQUEST GET https://admin.firebase.com/v1/projects/nysl-game-schedule-web-app  
 Tue Aug 29 2017 10:39:06 GMT+0200 (Mitteleuropäische Sommerzeit)
[debug] [2017-08-29T08:39:07.572Z] <<< HTTP RESPONSE 200
[debug] [2017-08-29T08:39:07.572Z] >>> HTTP REQUEST GET https://admin.firebase.com/v1/database/nysl-game-schedule-web-app/tokens  
 Tue Aug 29 2017 10:39:07 GMT+0200 (Mitteleuropäische Sommerzeit)
[debug] [2017-08-29T08:39:08.298Z] <<< HTTP RESPONSE 200
[info] 
[info] === Serving from 'C:\Users\benja\Desktop\ubiqum\module 3\NYSL Game Schedule Web app'...
[info] 
[debug] [2017-08-29T08:39:08.314Z] >>> HTTP REQUEST GET https://cloudresourcemanager.googleapis.com/v1/projects/nysl-game-schedule-web-app  
 Tue Aug 29 2017 10:39:08 GMT+0200 (Mitteleuropäische Sommerzeit)
[debug] [2017-08-29T08:39:09.394Z] <<< HTTP RESPONSE 200
[debug] [2017-08-29T08:39:09.394Z] >>> HTTP REQUEST GET https://mobilesdk-pa.googleapis.com/v1/projects/1009239633275/clients/_:getWebAppConfig  
 Tue Aug 29 2017 10:39:09 GMT+0200 (Mitteleuropäische Sommerzeit)
[debug] [2017-08-29T08:39:10.194Z] <<< HTTP RESPONSE 200
[info] i  hosting: Serving hosting files from: public
[info] +  hosting: Local server: http://localhost:5000

[debug] [2017-08-30T08:12:43.177Z] ----------------------------------------------------------------------
[debug] [2017-08-30T08:12:43.177Z] Command:       C:\Program Files\nodejs\node.exe C:\Users\benja\AppData\Roaming\npm\node_modules\firebase-tools\bin\firebase serve
[debug] [2017-08-30T08:12:43.177Z] CLI Version:   3.9.2
[debug] [2017-08-30T08:12:43.177Z] Platform:      win32
[debug] [2017-08-30T08:12:43.177Z] Node Version:  v6.11.2
[debug] [2017-08-30T08:12:43.193Z] Time:          Wed Aug 30 2017 10:12:43 GMT+0200 (Mitteleuropäische Sommerzeit)
[debug] [2017-08-30T08:12:43.193Z] ----------------------------------------------------------------------
[debug] 
[debug] [2017-08-30T08:12:43.355Z] > command requires scopes: ["email","openid","https://www.googleapis.com/auth/cloudplatformprojects.readonly","https://www.googleapis.com/auth/firebase","https://www.googleapis.com/auth/cloud-platform"]
[debug] [2017-08-30T08:12:43.355Z] > authorizing via signed-in user
[debug] [2017-08-30T08:12:43.355Z] > refreshing access token with scopes: ["email","https://www.googleapis.com/auth/cloud-platform","https://www.googleapis.com/auth/cloudplatformprojects.readonly","https://www.googleapis.com/auth/firebase","openid"]
[debug] [2017-08-30T08:12:43.355Z] >>> HTTP REQUEST POST https://www.googleapis.com/oauth2/v3/token { refresh_token: '1/Dod021VsH1zqeEm9Ph595YbpJkwIsTa_7CsrOSlnZzA',
  client_id: '563584335869-fgrhgmd47bqnekij5i8b5pr03ho849e6.apps.googleusercontent.com',
  client_secret: 'j9iVZfS8kkCEFUPaAeJV0sAi',
  grant_type: 'refresh_token',
  scope: 'email https://www.googleapis.com/auth/cloud-platform https://www.googleapis.com/auth/cloudplatformprojects.readonly https://www.googleapis.com/auth/firebase openid' } 
 Wed Aug 30 2017 10:12:43 GMT+0200 (Mitteleuropäische Sommerzeit)
[debug] [2017-08-30T08:12:43.728Z] <<< HTTP RESPONSE 200
[debug] [2017-08-30T08:12:43.797Z] >>> HTTP REQUEST GET https://admin.firebase.com/v1/projects/nysl-game-schedule-web-app  
 Wed Aug 30 2017 10:12:43 GMT+0200 (Mitteleuropäische Sommerzeit)
[debug] [2017-08-30T08:12:44.597Z] <<< HTTP RESPONSE 200
[debug] [2017-08-30T08:12:44.597Z] >>> HTTP REQUEST GET https://admin.firebase.com/v1/database/nysl-game-schedule-web-app/tokens  
 Wed Aug 30 2017 10:12:44 GMT+0200 (Mitteleuropäische Sommerzeit)
[debug] [2017-08-30T08:12:45.236Z] <<< HTTP RESPONSE 200
[info] 
[info] === Serving from 'C:\Users\benja\Desktop\ubiqum\module 3\NYSL Game Schedule Web app'...
[info] 
[debug] [2017-08-30T08:12:45.247Z] >>> HTTP REQUEST GET https://cloudresourcemanager.googleapis.com/v1/projects/nysl-game-schedule-web-app  
 Wed Aug 30 2017 10:12:45 GMT+0200 (Mitteleuropäische Sommerzeit)
[debug] [2017-08-30T08:12:46.189Z] <<< HTTP RESPONSE 200
[debug] [2017-08-30T08:12:46.190Z] >>> HTTP REQUEST GET https://mobilesdk-pa.googleapis.com/v1/projects/1009239633275/clients/_:getWebAppConfig  
 Wed Aug 30 2017 10:12:46 GMT+0200 (Mitteleuropäische Sommerzeit)
[debug] [2017-08-30T08:12:46.807Z] <<< HTTP RESPONSE 200
[info] i  hosting: Serving hosting files from: public
[info] +  hosting: Local server: http://localhost:5000

